{"C:\\Users\\quang\\gitRepos_main\\e-commerce-ts\\api\\src\\app.ts": {"path":"C:\\Users\\quang\\gitRepos_main\\e-commerce-ts\\api\\src\\app.ts","statementMap":{"0":{"start":{"line":1,"column":0},"end":{"line":1,"column":30}},"1":{"start":{"line":2,"column":0},"end":{"line":2,"column":32}},"2":{"start":{"line":3,"column":0},"end":{"line":3,"column":24}},"3":{"start":{"line":4,"column":0},"end":{"line":4,"column":42}},"4":{"start":{"line":5,"column":0},"end":{"line":5,"column":40}},"5":{"start":{"line":6,"column":0},"end":{"line":6,"column":40}},"6":{"start":{"line":7,"column":0},"end":{"line":7,"column":46}},"7":{"start":{"line":8,"column":0},"end":{"line":8,"column":40}},"8":{"start":{"line":9,"column":0},"end":{"line":9,"column":42}},"9":{"start":{"line":10,"column":0},"end":{"line":10,"column":43}},"10":{"start":{"line":11,"column":0},"end":{"line":11,"column":61}},"11":{"start":{"line":12,"column":0},"end":{"line":12,"column":54}},"12":{"start":{"line":13,"column":0},"end":{"line":13,"column":49}},"13":{"start":{"line":15,"column":12},"end":{"line":15,"column":21}},"14":{"start":{"line":16,"column":0},"end":{"line":16,"column":24}},"15":{"start":{"line":17,"column":0},"end":{"line":17,"column":null}},"16":{"start":{"line":19,"column":0},"end":{"line":28,"column":null}},"17":{"start":{"line":26,"column":4},"end":{"line":26,"column":52}},"18":{"start":{"line":27,"column":4},"end":{"line":27,"column":51}},"19":{"start":{"line":28,"column":14},"end":{"line":28,"column":30}},"20":{"start":{"line":31,"column":0},"end":{"line":31,"column":23}},"21":{"start":{"line":32,"column":0},"end":{"line":32,"column":33}},"22":{"start":{"line":33,"column":0},"end":{"line":33,"column":34}},"23":{"start":{"line":34,"column":0},"end":{"line":34,"column":40}},"24":{"start":{"line":35,"column":0},"end":{"line":35,"column":34}},"25":{"start":{"line":36,"column":0},"end":{"line":36,"column":36}},"26":{"start":{"line":37,"column":0},"end":{"line":37,"column":39}},"27":{"start":{"line":38,"column":0},"end":{"line":38,"column":24}},"28":{"start":{"line":39,"column":0},"end":{"line":39,"column":null}},"29":{"start":{"line":41,"column":0},"end":{"line":41,"column":19}}},"fnMap":{"0":{"name":"(anonymous_1)","decl":{"start":{"line":25,"column":6},"end":{"line":25,"column":8}},"loc":{"start":{"line":25,"column":10},"end":{"line":28,"column":1}}},"1":{"name":"(anonymous_2)","decl":{"start":{"line":28,"column":9},"end":{"line":28,"column":12}},"loc":{"start":{"line":28,"column":14},"end":{"line":28,"column":30}}}},"branchMap":{},"s":{"0":1,"1":1,"2":1,"3":1,"4":1,"5":1,"6":1,"7":1,"8":1,"9":1,"10":1,"11":1,"12":1,"13":1,"14":1,"15":1,"16":1,"17":1,"18":1,"19":0,"20":1,"21":1,"22":1,"23":1,"24":1,"25":1,"26":1,"27":1,"28":1,"29":1},"f":{"0":1,"1":0},"b":{}}
,"C:\\Users\\quang\\gitRepos_main\\e-commerce-ts\\api\\src\\controllers\\auth.ts": {"path":"C:\\Users\\quang\\gitRepos_main\\e-commerce-ts\\api\\src\\controllers\\auth.ts","statementMap":{"0":{"start":{"line":2,"column":0},"end":{"line":2,"column":27}},"1":{"start":{"line":3,"column":0},"end":{"line":3,"column":34}},"2":{"start":{"line":4,"column":0},"end":{"line":4,"column":40}},"3":{"start":{"line":5,"column":0},"end":{"line":5,"column":30}},"4":{"start":{"line":6,"column":0},"end":{"line":6,"column":42}},"5":{"start":{"line":7,"column":18},"end":{"line":7,"column":43}},"6":{"start":{"line":8,"column":20},"end":{"line":8,"column":38}},"7":{"start":{"line":9,"column":13},"end":{"line":33,"column":null}},"8":{"start":{"line":9,"column":86},"end":{"line":33,"column":null}},"9":{"start":{"line":10,"column":4},"end":{"line":32,"column":null}},"10":{"start":{"line":11,"column":69},"end":{"line":11,"column":77}},"11":{"start":{"line":12,"column":8},"end":{"line":24,"column":null}},"12":{"start":{"line":13,"column":30},"end":{"line":19,"column":14}},"13":{"start":{"line":20,"column":12},"end":{"line":20,"column":48}},"14":{"start":{"line":22,"column":12},"end":{"line":22,"column":45}},"15":{"start":{"line":23,"column":12},"end":{"line":23,"column":null}},"16":{"start":{"line":27,"column":8},"end":{"line":31,"column":null}},"17":{"start":{"line":28,"column":12},"end":{"line":28,"column":null}},"18":{"start":{"line":30,"column":12},"end":{"line":30,"column":null}},"19":{"start":{"line":35,"column":13},"end":{"line":64,"column":null}},"20":{"start":{"line":35,"column":83},"end":{"line":64,"column":null}},"21":{"start":{"line":36,"column":4},"end":{"line":63,"column":null}},"22":{"start":{"line":37,"column":21},"end":{"line":37,"column":85}},"23":{"start":{"line":38,"column":32},"end":{"line":40,"column":68}},"24":{"start":{"line":41,"column":8},"end":{"line":45,"column":null}},"25":{"start":{"line":42,"column":12},"end":{"line":44,"column":null}},"26":{"start":{"line":46,"column":8},"end":{"line":58,"column":null}},"27":{"start":{"line":47,"column":32},"end":{"line":50,"column":48}},"28":{"start":{"line":51,"column":56},"end":{"line":51,"column":60}},"29":{"start":{"line":52,"column":12},"end":{"line":57,"column":null}},"30":{"start":{"line":61,"column":8},"end":{"line":61,"column":null}}},"fnMap":{"0":{"name":"(anonymous_8)","decl":{"start":{"line":9,"column":28},"end":{"line":9,"column":35}},"loc":{"start":{"line":9,"column":86},"end":{"line":33,"column":null}}},"1":{"name":"(anonymous_9)","decl":{"start":{"line":9,"column":86},"end":{"line":9,"column":null}},"loc":{"start":{"line":9,"column":86},"end":{"line":33,"column":1}}},"2":{"name":"(anonymous_10)","decl":{"start":{"line":35,"column":25},"end":{"line":35,"column":32}},"loc":{"start":{"line":35,"column":83},"end":{"line":64,"column":null}}},"3":{"name":"(anonymous_11)","decl":{"start":{"line":35,"column":83},"end":{"line":35,"column":null}},"loc":{"start":{"line":35,"column":83},"end":{"line":64,"column":1}}}},"branchMap":{"0":{"loc":{"start":{"line":12,"column":8},"end":{"line":24,"column":null}},"type":"if","locations":[{"start":{"line":12,"column":8},"end":{"line":24,"column":null}}]},"1":{"loc":{"start":{"line":27,"column":8},"end":{"line":31,"column":null}},"type":"if","locations":[{"start":{"line":27,"column":8},"end":{"line":31,"column":null}},{"start":{"line":29,"column":15},"end":{"line":31,"column":null}}]},"2":{"loc":{"start":{"line":38,"column":32},"end":{"line":40,"column":68}},"type":"cond-expr","locations":[{"start":{"line":39,"column":14},"end":{"line":39,"column":19}},{"start":{"line":40,"column":14},"end":{"line":40,"column":68}}]},"3":{"loc":{"start":{"line":41,"column":8},"end":{"line":45,"column":null}},"type":"if","locations":[{"start":{"line":41,"column":8},"end":{"line":45,"column":null}}]},"4":{"loc":{"start":{"line":41,"column":14},"end":{"line":41,"column":37}},"type":"binary-expr","locations":[{"start":{"line":41,"column":14},"end":{"line":41,"column":18}},{"start":{"line":41,"column":22},"end":{"line":41,"column":37}}]},"5":{"loc":{"start":{"line":46,"column":8},"end":{"line":58,"column":null}},"type":"if","locations":[{"start":{"line":46,"column":8},"end":{"line":58,"column":null}}]}},"s":{"0":1,"1":1,"2":1,"3":1,"4":1,"5":1,"6":1,"7":1,"8":1,"9":1,"10":1,"11":1,"12":1,"13":1,"14":1,"15":1,"16":0,"17":0,"18":0,"19":1,"20":0,"21":0,"22":0,"23":0,"24":0,"25":0,"26":0,"27":0,"28":0,"29":0,"30":0},"f":{"0":1,"1":1,"2":0,"3":0},"b":{"0":[1],"1":[0,0],"2":[0,0],"3":[0],"4":[0,0],"5":[0]}}
,"C:\\Users\\quang\\gitRepos_main\\e-commerce-ts\\api\\src\\controllers\\cart.ts": {"path":"C:\\Users\\quang\\gitRepos_main\\e-commerce-ts\\api\\src\\controllers\\cart.ts","statementMap":{"0":{"start":{"line":1,"column":0},"end":{"line":1,"column":41}},"1":{"start":{"line":3,"column":0},"end":{"line":3,"column":34}},"2":{"start":{"line":5,"column":13},"end":{"line":13,"column":null}},"3":{"start":{"line":5,"column":81},"end":{"line":13,"column":null}},"4":{"start":{"line":6,"column":4},"end":{"line":12,"column":null}},"5":{"start":{"line":7,"column":26},"end":{"line":7,"column":50}},"6":{"start":{"line":8,"column":8},"end":{"line":8,"column":41}},"7":{"start":{"line":11,"column":8},"end":{"line":11,"column":18}},"8":{"start":{"line":15,"column":13},"end":{"line":25,"column":null}},"9":{"start":{"line":15,"column":84},"end":{"line":25,"column":null}},"10":{"start":{"line":16,"column":4},"end":{"line":24,"column":null}},"11":{"start":{"line":17,"column":28},"end":{"line":17,"column":36}},"12":{"start":{"line":18,"column":23},"end":{"line":18,"column":36}},"13":{"start":{"line":19,"column":28},"end":{"line":19,"column":70}},"14":{"start":{"line":20,"column":8},"end":{"line":20,"column":42}},"15":{"start":{"line":23,"column":8},"end":{"line":23,"column":18}},"16":{"start":{"line":27,"column":13},"end":{"line":35,"column":null}},"17":{"start":{"line":27,"column":84},"end":{"line":35,"column":null}},"18":{"start":{"line":28,"column":4},"end":{"line":34,"column":null}},"19":{"start":{"line":29,"column":8},"end":{"line":29,"column":49}},"20":{"start":{"line":30,"column":8},"end":{"line":30,"column":52}},"21":{"start":{"line":33,"column":8},"end":{"line":33,"column":18}},"22":{"start":{"line":37,"column":13},"end":{"line":45,"column":null}},"23":{"start":{"line":37,"column":82},"end":{"line":45,"column":null}},"24":{"start":{"line":38,"column":4},"end":{"line":44,"column":null}},"25":{"start":{"line":39,"column":26},"end":{"line":39,"column":64}},"26":{"start":{"line":40,"column":8},"end":{"line":40,"column":null}},"27":{"start":{"line":43,"column":8},"end":{"line":43,"column":18}},"28":{"start":{"line":47,"column":13},"end":{"line":55,"column":null}},"29":{"start":{"line":47,"column":81},"end":{"line":55,"column":null}},"30":{"start":{"line":48,"column":4},"end":{"line":54,"column":null}},"31":{"start":{"line":49,"column":24},"end":{"line":49,"column":59}},"32":{"start":{"line":50,"column":8},"end":{"line":50,"column":38}},"33":{"start":{"line":53,"column":8},"end":{"line":53,"column":18}}},"fnMap":{"0":{"name":"(anonymous_8)","decl":{"start":{"line":5,"column":23},"end":{"line":5,"column":30}},"loc":{"start":{"line":5,"column":81},"end":{"line":13,"column":null}}},"1":{"name":"(anonymous_9)","decl":{"start":{"line":5,"column":81},"end":{"line":5,"column":null}},"loc":{"start":{"line":5,"column":81},"end":{"line":13,"column":1}}},"2":{"name":"(anonymous_10)","decl":{"start":{"line":15,"column":26},"end":{"line":15,"column":33}},"loc":{"start":{"line":15,"column":84},"end":{"line":25,"column":null}}},"3":{"name":"(anonymous_11)","decl":{"start":{"line":15,"column":84},"end":{"line":15,"column":null}},"loc":{"start":{"line":15,"column":84},"end":{"line":25,"column":1}}},"4":{"name":"(anonymous_12)","decl":{"start":{"line":27,"column":26},"end":{"line":27,"column":33}},"loc":{"start":{"line":27,"column":84},"end":{"line":35,"column":null}}},"5":{"name":"(anonymous_13)","decl":{"start":{"line":27,"column":84},"end":{"line":27,"column":null}},"loc":{"start":{"line":27,"column":84},"end":{"line":35,"column":1}}},"6":{"name":"(anonymous_14)","decl":{"start":{"line":37,"column":24},"end":{"line":37,"column":31}},"loc":{"start":{"line":37,"column":82},"end":{"line":45,"column":null}}},"7":{"name":"(anonymous_15)","decl":{"start":{"line":37,"column":82},"end":{"line":37,"column":null}},"loc":{"start":{"line":37,"column":82},"end":{"line":45,"column":1}}},"8":{"name":"(anonymous_16)","decl":{"start":{"line":47,"column":23},"end":{"line":47,"column":30}},"loc":{"start":{"line":47,"column":81},"end":{"line":55,"column":null}}},"9":{"name":"(anonymous_17)","decl":{"start":{"line":47,"column":81},"end":{"line":47,"column":null}},"loc":{"start":{"line":47,"column":81},"end":{"line":55,"column":1}}}},"branchMap":{},"s":{"0":1,"1":1,"2":1,"3":0,"4":0,"5":0,"6":0,"7":0,"8":1,"9":0,"10":0,"11":0,"12":0,"13":0,"14":0,"15":0,"16":1,"17":0,"18":0,"19":0,"20":0,"21":0,"22":1,"23":0,"24":0,"25":0,"26":0,"27":0,"28":1,"29":0,"30":0,"31":0,"32":0,"33":0},"f":{"0":0,"1":0,"2":0,"3":0,"4":0,"5":0,"6":0,"7":0,"8":0,"9":0},"b":{}}
,"C:\\Users\\quang\\gitRepos_main\\e-commerce-ts\\api\\src\\controllers\\order.ts": {"path":"C:\\Users\\quang\\gitRepos_main\\e-commerce-ts\\api\\src\\controllers\\order.ts","statementMap":{"0":{"start":{"line":1,"column":0},"end":{"line":1,"column":43}},"1":{"start":{"line":3,"column":0},"end":{"line":3,"column":36}},"2":{"start":{"line":5,"column":13},"end":{"line":13,"column":null}},"3":{"start":{"line":5,"column":81},"end":{"line":13,"column":null}},"4":{"start":{"line":6,"column":4},"end":{"line":12,"column":null}},"5":{"start":{"line":7,"column":27},"end":{"line":7,"column":52}},"6":{"start":{"line":8,"column":8},"end":{"line":8,"column":42}},"7":{"start":{"line":11,"column":8},"end":{"line":11,"column":18}},"8":{"start":{"line":15,"column":13},"end":{"line":25,"column":null}},"9":{"start":{"line":15,"column":85},"end":{"line":25,"column":null}},"10":{"start":{"line":16,"column":4},"end":{"line":24,"column":null}},"11":{"start":{"line":17,"column":29},"end":{"line":17,"column":37}},"12":{"start":{"line":18,"column":24},"end":{"line":18,"column":37}},"13":{"start":{"line":19,"column":29},"end":{"line":19,"column":74}},"14":{"start":{"line":20,"column":8},"end":{"line":20,"column":43}},"15":{"start":{"line":23,"column":8},"end":{"line":23,"column":18}},"16":{"start":{"line":27,"column":13},"end":{"line":35,"column":null}},"17":{"start":{"line":27,"column":85},"end":{"line":35,"column":null}},"18":{"start":{"line":28,"column":4},"end":{"line":34,"column":null}},"19":{"start":{"line":29,"column":8},"end":{"line":29,"column":51}},"20":{"start":{"line":30,"column":8},"end":{"line":30,"column":53}},"21":{"start":{"line":33,"column":8},"end":{"line":33,"column":18}},"22":{"start":{"line":37,"column":13},"end":{"line":45,"column":null}},"23":{"start":{"line":37,"column":82},"end":{"line":45,"column":null}},"24":{"start":{"line":38,"column":4},"end":{"line":44,"column":null}},"25":{"start":{"line":39,"column":27},"end":{"line":39,"column":66}},"26":{"start":{"line":40,"column":8},"end":{"line":40,"column":null}},"27":{"start":{"line":43,"column":8},"end":{"line":43,"column":18}},"28":{"start":{"line":47,"column":13},"end":{"line":55,"column":null}},"29":{"start":{"line":47,"column":90},"end":{"line":55,"column":null}},"30":{"start":{"line":48,"column":4},"end":{"line":54,"column":null}},"31":{"start":{"line":49,"column":28},"end":{"line":49,"column":62}},"32":{"start":{"line":50,"column":8},"end":{"line":50,"column":null}},"33":{"start":{"line":53,"column":8},"end":{"line":53,"column":null}},"34":{"start":{"line":57,"column":13},"end":{"line":65,"column":null}},"35":{"start":{"line":57,"column":82},"end":{"line":65,"column":null}},"36":{"start":{"line":58,"column":4},"end":{"line":64,"column":null}},"37":{"start":{"line":59,"column":25},"end":{"line":59,"column":62}},"38":{"start":{"line":60,"column":8},"end":{"line":60,"column":39}},"39":{"start":{"line":63,"column":8},"end":{"line":63,"column":18}}},"fnMap":{"0":{"name":"(anonymous_8)","decl":{"start":{"line":5,"column":23},"end":{"line":5,"column":30}},"loc":{"start":{"line":5,"column":81},"end":{"line":13,"column":null}}},"1":{"name":"(anonymous_9)","decl":{"start":{"line":5,"column":81},"end":{"line":5,"column":null}},"loc":{"start":{"line":5,"column":81},"end":{"line":13,"column":1}}},"2":{"name":"(anonymous_10)","decl":{"start":{"line":15,"column":27},"end":{"line":15,"column":34}},"loc":{"start":{"line":15,"column":85},"end":{"line":25,"column":null}}},"3":{"name":"(anonymous_11)","decl":{"start":{"line":15,"column":85},"end":{"line":15,"column":null}},"loc":{"start":{"line":15,"column":85},"end":{"line":25,"column":1}}},"4":{"name":"(anonymous_12)","decl":{"start":{"line":27,"column":27},"end":{"line":27,"column":34}},"loc":{"start":{"line":27,"column":85},"end":{"line":35,"column":null}}},"5":{"name":"(anonymous_13)","decl":{"start":{"line":27,"column":85},"end":{"line":27,"column":null}},"loc":{"start":{"line":27,"column":85},"end":{"line":35,"column":1}}},"6":{"name":"(anonymous_14)","decl":{"start":{"line":37,"column":24},"end":{"line":37,"column":31}},"loc":{"start":{"line":37,"column":82},"end":{"line":45,"column":null}}},"7":{"name":"(anonymous_15)","decl":{"start":{"line":37,"column":82},"end":{"line":37,"column":null}},"loc":{"start":{"line":37,"column":82},"end":{"line":45,"column":1}}},"8":{"name":"(anonymous_16)","decl":{"start":{"line":47,"column":32},"end":{"line":47,"column":39}},"loc":{"start":{"line":47,"column":90},"end":{"line":55,"column":null}}},"9":{"name":"(anonymous_17)","decl":{"start":{"line":47,"column":90},"end":{"line":47,"column":null}},"loc":{"start":{"line":47,"column":90},"end":{"line":55,"column":1}}},"10":{"name":"(anonymous_18)","decl":{"start":{"line":57,"column":24},"end":{"line":57,"column":31}},"loc":{"start":{"line":57,"column":82},"end":{"line":65,"column":null}}},"11":{"name":"(anonymous_19)","decl":{"start":{"line":57,"column":82},"end":{"line":57,"column":null}},"loc":{"start":{"line":57,"column":82},"end":{"line":65,"column":1}}}},"branchMap":{},"s":{"0":1,"1":1,"2":1,"3":0,"4":0,"5":0,"6":0,"7":0,"8":1,"9":0,"10":0,"11":0,"12":0,"13":0,"14":0,"15":0,"16":1,"17":0,"18":0,"19":0,"20":0,"21":0,"22":1,"23":0,"24":0,"25":0,"26":0,"27":0,"28":1,"29":0,"30":0,"31":0,"32":0,"33":0,"34":1,"35":0,"36":0,"37":0,"38":0,"39":0},"f":{"0":0,"1":0,"2":0,"3":0,"4":0,"5":0,"6":0,"7":0,"8":0,"9":0,"10":0,"11":0},"b":{}}
,"C:\\Users\\quang\\gitRepos_main\\e-commerce-ts\\api\\src\\controllers\\product.ts": {"path":"C:\\Users\\quang\\gitRepos_main\\e-commerce-ts\\api\\src\\controllers\\product.ts","statementMap":{"0":{"start":{"line":1,"column":0},"end":{"line":1,"column":47}},"1":{"start":{"line":2,"column":0},"end":{"line":2,"column":61}},"2":{"start":{"line":5,"column":13},"end":{"line":24,"column":null}},"3":{"start":{"line":5,"column":81},"end":{"line":24,"column":null}},"4":{"start":{"line":6,"column":28},"end":{"line":6,"column":41}},"5":{"start":{"line":7,"column":23},"end":{"line":7,"column":56}},"6":{"start":{"line":8,"column":4},"end":{"line":23,"column":null}},"7":{"start":{"line":10,"column":8},"end":{"line":18,"column":null}},"8":{"start":{"line":11,"column":12},"end":{"line":11,"column":61}},"9":{"start":{"line":13,"column":13},"end":{"line":18,"column":null}},"10":{"start":{"line":14,"column":12},"end":{"line":14,"column":79}},"11":{"start":{"line":17,"column":12},"end":{"line":17,"column":56}},"12":{"start":{"line":19,"column":8},"end":{"line":19,"column":44}},"13":{"start":{"line":22,"column":8},"end":{"line":22,"column":18}},"14":{"start":{"line":26,"column":13},"end":{"line":36,"column":null}},"15":{"start":{"line":26,"column":87},"end":{"line":36,"column":null}},"16":{"start":{"line":27,"column":4},"end":{"line":35,"column":null}},"17":{"start":{"line":28,"column":31},"end":{"line":28,"column":39}},"18":{"start":{"line":29,"column":26},"end":{"line":29,"column":39}},"19":{"start":{"line":30,"column":31},"end":{"line":30,"column":82}},"20":{"start":{"line":31,"column":8},"end":{"line":31,"column":45}},"21":{"start":{"line":34,"column":8},"end":{"line":34,"column":18}},"22":{"start":{"line":38,"column":13},"end":{"line":46,"column":null}},"23":{"start":{"line":38,"column":87},"end":{"line":46,"column":null}},"24":{"start":{"line":39,"column":4},"end":{"line":45,"column":null}},"25":{"start":{"line":40,"column":8},"end":{"line":40,"column":55}},"26":{"start":{"line":41,"column":8},"end":{"line":41,"column":55}},"27":{"start":{"line":44,"column":8},"end":{"line":44,"column":18}},"28":{"start":{"line":48,"column":13},"end":{"line":56,"column":null}},"29":{"start":{"line":48,"column":82},"end":{"line":56,"column":null}},"30":{"start":{"line":49,"column":4},"end":{"line":55,"column":null}},"31":{"start":{"line":50,"column":29},"end":{"line":50,"column":70}},"32":{"start":{"line":51,"column":8},"end":{"line":51,"column":null}},"33":{"start":{"line":54,"column":8},"end":{"line":54,"column":18}},"34":{"start":{"line":58,"column":13},"end":{"line":66,"column":null}},"35":{"start":{"line":58,"column":84},"end":{"line":66,"column":null}},"36":{"start":{"line":59,"column":4},"end":{"line":65,"column":null}},"37":{"start":{"line":60,"column":27},"end":{"line":60,"column":74}},"38":{"start":{"line":61,"column":8},"end":{"line":61,"column":41}},"39":{"start":{"line":64,"column":8},"end":{"line":64,"column":18}}},"fnMap":{"0":{"name":"(anonymous_8)","decl":{"start":{"line":5,"column":23},"end":{"line":5,"column":30}},"loc":{"start":{"line":5,"column":81},"end":{"line":24,"column":null}}},"1":{"name":"(anonymous_9)","decl":{"start":{"line":5,"column":81},"end":{"line":5,"column":null}},"loc":{"start":{"line":5,"column":81},"end":{"line":24,"column":1}}},"2":{"name":"(anonymous_10)","decl":{"start":{"line":26,"column":29},"end":{"line":26,"column":36}},"loc":{"start":{"line":26,"column":87},"end":{"line":36,"column":null}}},"3":{"name":"(anonymous_11)","decl":{"start":{"line":26,"column":87},"end":{"line":26,"column":null}},"loc":{"start":{"line":26,"column":87},"end":{"line":36,"column":1}}},"4":{"name":"(anonymous_12)","decl":{"start":{"line":38,"column":29},"end":{"line":38,"column":36}},"loc":{"start":{"line":38,"column":87},"end":{"line":46,"column":null}}},"5":{"name":"(anonymous_13)","decl":{"start":{"line":38,"column":87},"end":{"line":38,"column":null}},"loc":{"start":{"line":38,"column":87},"end":{"line":46,"column":1}}},"6":{"name":"(anonymous_14)","decl":{"start":{"line":48,"column":24},"end":{"line":48,"column":31}},"loc":{"start":{"line":48,"column":82},"end":{"line":56,"column":null}}},"7":{"name":"(anonymous_15)","decl":{"start":{"line":48,"column":82},"end":{"line":48,"column":null}},"loc":{"start":{"line":48,"column":82},"end":{"line":56,"column":1}}},"8":{"name":"(anonymous_16)","decl":{"start":{"line":58,"column":26},"end":{"line":58,"column":33}},"loc":{"start":{"line":58,"column":84},"end":{"line":66,"column":null}}},"9":{"name":"(anonymous_17)","decl":{"start":{"line":58,"column":84},"end":{"line":58,"column":null}},"loc":{"start":{"line":58,"column":84},"end":{"line":66,"column":1}}}},"branchMap":{"0":{"loc":{"start":{"line":7,"column":23},"end":{"line":7,"column":56}},"type":"cond-expr","locations":[{"start":{"line":7,"column":44},"end":{"line":7,"column":46}},{"start":{"line":7,"column":44},"end":{"line":7,"column":56}}]},"1":{"loc":{"start":{"line":7,"column":23},"end":{"line":7,"column":46}},"type":"binary-expr","locations":[{"start":{"line":7,"column":23},"end":{"line":7,"column":46}},{"start":{"line":7,"column":44},"end":{"line":7,"column":46}}]},"2":{"loc":{"start":{"line":10,"column":8},"end":{"line":18,"column":null}},"type":"if","locations":[{"start":{"line":10,"column":8},"end":{"line":18,"column":null}},{"start":{"line":13,"column":13},"end":{"line":18,"column":null}}]},"3":{"loc":{"start":{"line":13,"column":13},"end":{"line":18,"column":null}},"type":"if","locations":[{"start":{"line":13,"column":13},"end":{"line":18,"column":null}},{"start":{"line":16,"column":12},"end":{"line":18,"column":null}}]}},"s":{"0":1,"1":1,"2":1,"3":0,"4":0,"5":0,"6":0,"7":0,"8":0,"9":0,"10":0,"11":0,"12":0,"13":0,"14":1,"15":0,"16":0,"17":0,"18":0,"19":0,"20":0,"21":0,"22":1,"23":0,"24":0,"25":0,"26":0,"27":0,"28":1,"29":0,"30":0,"31":0,"32":0,"33":0,"34":1,"35":0,"36":0,"37":0,"38":0,"39":0},"f":{"0":0,"1":0,"2":0,"3":0,"4":0,"5":0,"6":0,"7":0,"8":0,"9":0},"b":{"0":[0,0],"1":[0,0],"2":[0,0],"3":[0,0]}}
,"C:\\Users\\quang\\gitRepos_main\\e-commerce-ts\\api\\src\\controllers\\stripe.ts": {"path":"C:\\Users\\quang\\gitRepos_main\\e-commerce-ts\\api\\src\\controllers\\stripe.ts","statementMap":{"0":{"start":{"line":2,"column":0},"end":{"line":2,"column":27}},"1":{"start":{"line":3,"column":0},"end":{"line":3,"column":42}},"2":{"start":{"line":4,"column":15},"end":{"line":6,"column":2}},"3":{"start":{"line":9,"column":13},"end":{"line":15,"column":null}},"4":{"start":{"line":9,"column":66},"end":{"line":15,"column":null}},"5":{"start":{"line":10,"column":4},"end":{"line":14,"column":null}}},"fnMap":{"0":{"name":"(anonymous_8)","decl":{"start":{"line":9,"column":28},"end":{"line":9,"column":35}},"loc":{"start":{"line":9,"column":66},"end":{"line":15,"column":null}}},"1":{"name":"(anonymous_9)","decl":{"start":{"line":9,"column":66},"end":{"line":9,"column":null}},"loc":{"start":{"line":9,"column":66},"end":{"line":15,"column":1}}}},"branchMap":{},"s":{"0":1,"1":1,"2":1,"3":1,"4":0,"5":0},"f":{"0":0,"1":0},"b":{}}
,"C:\\Users\\quang\\gitRepos_main\\e-commerce-ts\\api\\src\\controllers\\user.ts": {"path":"C:\\Users\\quang\\gitRepos_main\\e-commerce-ts\\api\\src\\controllers\\user.ts","statementMap":{"0":{"start":{"line":1,"column":0},"end":{"line":1,"column":40}},"1":{"start":{"line":6,"column":13},"end":{"line":16,"column":null}},"2":{"start":{"line":6,"column":84},"end":{"line":16,"column":null}},"3":{"start":{"line":7,"column":4},"end":{"line":15,"column":null}},"4":{"start":{"line":8,"column":27},"end":{"line":8,"column":35}},"5":{"start":{"line":9,"column":23},"end":{"line":9,"column":36}},"6":{"start":{"line":10,"column":28},"end":{"line":10,"column":69}},"7":{"start":{"line":11,"column":8},"end":{"line":11,"column":null}},"8":{"start":{"line":14,"column":8},"end":{"line":14,"column":null}},"9":{"start":{"line":20,"column":13},"end":{"line":28,"column":null}},"10":{"start":{"line":20,"column":84},"end":{"line":28,"column":null}},"11":{"start":{"line":21,"column":4},"end":{"line":27,"column":null}},"12":{"start":{"line":22,"column":8},"end":{"line":22,"column":null}},"13":{"start":{"line":23,"column":8},"end":{"line":23,"column":null}},"14":{"start":{"line":26,"column":8},"end":{"line":26,"column":null}},"15":{"start":{"line":32,"column":13},"end":{"line":40,"column":null}},"16":{"start":{"line":32,"column":82},"end":{"line":40,"column":null}},"17":{"start":{"line":33,"column":4},"end":{"line":39,"column":null}},"18":{"start":{"line":34,"column":26},"end":{"line":34,"column":64}},"19":{"start":{"line":35,"column":8},"end":{"line":35,"column":null}},"20":{"start":{"line":38,"column":8},"end":{"line":38,"column":null}},"21":{"start":{"line":44,"column":13},"end":{"line":52,"column":null}},"22":{"start":{"line":44,"column":81},"end":{"line":52,"column":null}},"23":{"start":{"line":45,"column":4},"end":{"line":51,"column":null}},"24":{"start":{"line":46,"column":48},"end":{"line":46,"column":72}},"25":{"start":{"line":47,"column":8},"end":{"line":47,"column":null}},"26":{"start":{"line":50,"column":8},"end":{"line":50,"column":null}},"27":{"start":{"line":55,"column":13},"end":{"line":63,"column":null}},"28":{"start":{"line":55,"column":84},"end":{"line":63,"column":null}},"29":{"start":{"line":56,"column":4},"end":{"line":62,"column":null}},"30":{"start":{"line":57,"column":26},"end":{"line":57,"column":66}},"31":{"start":{"line":58,"column":8},"end":{"line":58,"column":40}},"32":{"start":{"line":61,"column":8},"end":{"line":61,"column":null}}},"fnMap":{"0":{"name":"(anonymous_8)","decl":{"start":{"line":6,"column":26},"end":{"line":6,"column":33}},"loc":{"start":{"line":6,"column":84},"end":{"line":16,"column":null}}},"1":{"name":"(anonymous_9)","decl":{"start":{"line":6,"column":84},"end":{"line":6,"column":null}},"loc":{"start":{"line":6,"column":84},"end":{"line":16,"column":1}}},"2":{"name":"(anonymous_10)","decl":{"start":{"line":20,"column":26},"end":{"line":20,"column":33}},"loc":{"start":{"line":20,"column":84},"end":{"line":28,"column":null}}},"3":{"name":"(anonymous_11)","decl":{"start":{"line":20,"column":84},"end":{"line":20,"column":null}},"loc":{"start":{"line":20,"column":84},"end":{"line":28,"column":1}}},"4":{"name":"(anonymous_12)","decl":{"start":{"line":32,"column":24},"end":{"line":32,"column":31}},"loc":{"start":{"line":32,"column":82},"end":{"line":40,"column":null}}},"5":{"name":"(anonymous_13)","decl":{"start":{"line":32,"column":82},"end":{"line":32,"column":null}},"loc":{"start":{"line":32,"column":82},"end":{"line":40,"column":1}}},"6":{"name":"(anonymous_14)","decl":{"start":{"line":44,"column":23},"end":{"line":44,"column":30}},"loc":{"start":{"line":44,"column":81},"end":{"line":52,"column":null}}},"7":{"name":"(anonymous_15)","decl":{"start":{"line":44,"column":81},"end":{"line":44,"column":null}},"loc":{"start":{"line":44,"column":81},"end":{"line":52,"column":1}}},"8":{"name":"(anonymous_16)","decl":{"start":{"line":55,"column":26},"end":{"line":55,"column":33}},"loc":{"start":{"line":55,"column":84},"end":{"line":63,"column":null}}},"9":{"name":"(anonymous_17)","decl":{"start":{"line":55,"column":84},"end":{"line":55,"column":null}},"loc":{"start":{"line":55,"column":84},"end":{"line":63,"column":1}}}},"branchMap":{},"s":{"0":1,"1":1,"2":0,"3":0,"4":0,"5":0,"6":0,"7":0,"8":0,"9":1,"10":0,"11":0,"12":0,"13":0,"14":0,"15":1,"16":0,"17":0,"18":0,"19":0,"20":0,"21":1,"22":0,"23":0,"24":0,"25":0,"26":0,"27":1,"28":0,"29":0,"30":0,"31":0,"32":0},"f":{"0":0,"1":0,"2":0,"3":0,"4":0,"5":0,"6":0,"7":0,"8":0,"9":0},"b":{}}
,"C:\\Users\\quang\\gitRepos_main\\e-commerce-ts\\api\\src\\controllers\\verifyToken.ts": {"path":"C:\\Users\\quang\\gitRepos_main\\e-commerce-ts\\api\\src\\controllers\\verifyToken.ts","statementMap":{"0":{"start":{"line":2,"column":0},"end":{"line":2,"column":51}},"1":{"start":{"line":3,"column":0},"end":{"line":3,"column":42}},"2":{"start":{"line":6,"column":20},"end":{"line":19,"column":1}},"3":{"start":{"line":7,"column":4},"end":{"line":18,"column":null}},"4":{"start":{"line":8,"column":8},"end":{"line":14,"column":null}},"5":{"start":{"line":9,"column":48},"end":{"line":9,"column":88}},"6":{"start":{"line":10,"column":12},"end":{"line":13,"column":14}},"7":{"start":{"line":17,"column":8},"end":{"line":17,"column":null}},"8":{"start":{"line":21,"column":20},"end":{"line":31,"column":1}},"9":{"start":{"line":22,"column":44},"end":{"line":22,"column":69}},"10":{"start":{"line":23,"column":4},"end":{"line":30,"column":null}},"11":{"start":{"line":24,"column":29},"end":{"line":24,"column":53}},"12":{"start":{"line":25,"column":8},"end":{"line":25,"column":38}},"13":{"start":{"line":26,"column":8},"end":{"line":26,"column":null}},"14":{"start":{"line":29,"column":8},"end":{"line":29,"column":60}},"15":{"start":{"line":33,"column":36},"end":{"line":42,"column":1}},"16":{"start":{"line":34,"column":4},"end":{"line":41,"column":7}},"17":{"start":{"line":35,"column":8},"end":{"line":40,"column":null}},"18":{"start":{"line":36,"column":12},"end":{"line":36,"column":19}},"19":{"start":{"line":39,"column":12},"end":{"line":39,"column":67}},"20":{"start":{"line":44,"column":28},"end":{"line":54,"column":1}},"21":{"start":{"line":45,"column":4},"end":{"line":53,"column":7}},"22":{"start":{"line":46,"column":8},"end":{"line":52,"column":null}},"23":{"start":{"line":47,"column":12},"end":{"line":47,"column":19}},"24":{"start":{"line":51,"column":12},"end":{"line":51,"column":78}},"25":{"start":{"line":56,"column":0},"end":{"line":60,"column":null}}},"fnMap":{"0":{"name":"(anonymous_1)","decl":{"start":{"line":6,"column":20},"end":{"line":6,"column":21}},"loc":{"start":{"line":6,"column":65},"end":{"line":19,"column":1}}},"1":{"name":"(anonymous_2)","decl":{"start":{"line":21,"column":20},"end":{"line":21,"column":21}},"loc":{"start":{"line":21,"column":78},"end":{"line":31,"column":1}}},"2":{"name":"(anonymous_3)","decl":{"start":{"line":33,"column":36},"end":{"line":33,"column":37}},"loc":{"start":{"line":33,"column":94},"end":{"line":42,"column":1}}},"3":{"name":"(anonymous_4)","decl":{"start":{"line":34,"column":25},"end":{"line":34,"column":27}},"loc":{"start":{"line":34,"column":29},"end":{"line":41,"column":5}}},"4":{"name":"(anonymous_5)","decl":{"start":{"line":44,"column":28},"end":{"line":44,"column":29}},"loc":{"start":{"line":44,"column":86},"end":{"line":54,"column":1}}},"5":{"name":"(anonymous_6)","decl":{"start":{"line":45,"column":25},"end":{"line":45,"column":28}},"loc":{"start":{"line":45,"column":30},"end":{"line":53,"column":5}}}},"branchMap":{"0":{"loc":{"start":{"line":8,"column":8},"end":{"line":14,"column":null}},"type":"if","locations":[{"start":{"line":8,"column":8},"end":{"line":14,"column":null}}]},"1":{"loc":{"start":{"line":23,"column":4},"end":{"line":30,"column":null}},"type":"if","locations":[{"start":{"line":23,"column":4},"end":{"line":30,"column":null}},{"start":{"line":28,"column":9},"end":{"line":30,"column":null}}]},"2":{"loc":{"start":{"line":35,"column":8},"end":{"line":40,"column":null}},"type":"if","locations":[{"start":{"line":35,"column":8},"end":{"line":40,"column":null}},{"start":{"line":38,"column":13},"end":{"line":40,"column":null}}]},"3":{"loc":{"start":{"line":35,"column":11},"end":{"line":35,"column":23}},"type":"cond-expr","locations":[{"start":{"line":35,"column":19},"end":{"line":35,"column":21}},{"start":{"line":35,"column":19},"end":{"line":35,"column":23}}]},"4":{"loc":{"start":{"line":35,"column":11},"end":{"line":35,"column":21}},"type":"binary-expr","locations":[{"start":{"line":35,"column":11},"end":{"line":35,"column":21}},{"start":{"line":35,"column":19},"end":{"line":35,"column":21}}]},"5":{"loc":{"start":{"line":46,"column":8},"end":{"line":52,"column":null}},"type":"if","locations":[{"start":{"line":46,"column":8},"end":{"line":52,"column":null}},{"start":{"line":49,"column":13},"end":{"line":52,"column":null}}]},"6":{"loc":{"start":{"line":46,"column":8},"end":{"line":46,"column":29}},"type":"cond-expr","locations":[{"start":{"line":46,"column":20},"end":{"line":46,"column":22}},{"start":{"line":46,"column":20},"end":{"line":46,"column":29}}]},"7":{"loc":{"start":{"line":46,"column":8},"end":{"line":46,"column":22}},"type":"binary-expr","locations":[{"start":{"line":46,"column":8},"end":{"line":46,"column":22}},{"start":{"line":46,"column":20},"end":{"line":46,"column":22}}]},"8":{"loc":{"start":{"line":51,"column":57},"end":{"line":51,"column":74}},"type":"cond-expr","locations":[{"start":{"line":51,"column":65},"end":{"line":51,"column":67}},{"start":{"line":51,"column":65},"end":{"line":51,"column":74}}]},"9":{"loc":{"start":{"line":51,"column":57},"end":{"line":51,"column":67}},"type":"binary-expr","locations":[{"start":{"line":51,"column":57},"end":{"line":51,"column":67}},{"start":{"line":51,"column":65},"end":{"line":51,"column":67}}]}},"s":{"0":1,"1":1,"2":1,"3":0,"4":0,"5":0,"6":0,"7":0,"8":1,"9":0,"10":0,"11":0,"12":0,"13":0,"14":0,"15":1,"16":0,"17":0,"18":0,"19":0,"20":1,"21":0,"22":0,"23":0,"24":0,"25":1},"f":{"0":0,"1":0,"2":0,"3":0,"4":0,"5":0},"b":{"0":[0],"1":[0,0],"2":[0,0],"3":[0,0],"4":[0,0],"5":[0,0],"6":[0,0],"7":[0,0],"8":[0,0],"9":[0,0]}}
,"C:\\Users\\quang\\gitRepos_main\\e-commerce-ts\\api\\src\\middlewares\\config.ts": {"path":"C:\\Users\\quang\\gitRepos_main\\e-commerce-ts\\api\\src\\middlewares\\config.ts","statementMap":{"0":{"start":{"line":1,"column":0},"end":{"line":1,"column":27}},"1":{"start":{"line":2,"column":0},"end":{"line":2,"column":null}},"2":{"start":{"line":3,"column":18},"end":{"line":5,"column":29}},"3":{"start":{"line":6,"column":11},"end":{"line":6,"column":27}},"4":{"start":{"line":7,"column":18},"end":{"line":7,"column":41}},"5":{"start":{"line":8,"column":17},"end":{"line":8,"column":39}},"6":{"start":{"line":9,"column":17},"end":{"line":9,"column":39}},"7":{"start":{"line":19,"column":22},"end":{"line":25,"column":2}},"8":{"start":{"line":27,"column":0},"end":{"line":27,"column":22}}},"fnMap":{},"branchMap":{"0":{"loc":{"start":{"line":3,"column":18},"end":{"line":5,"column":29}},"type":"cond-expr","locations":[{"start":{"line":4,"column":6},"end":{"line":4,"column":34}},{"start":{"line":5,"column":6},"end":{"line":5,"column":29}}]}},"s":{"0":1,"1":1,"2":1,"3":1,"4":1,"5":1,"6":1,"7":1,"8":1},"f":{},"b":{"0":[1,0]}}
,"C:\\Users\\quang\\gitRepos_main\\e-commerce-ts\\api\\src\\middlewares\\errorHandler.ts": {"path":"C:\\Users\\quang\\gitRepos_main\\e-commerce-ts\\api\\src\\middlewares\\errorHandler.ts","statementMap":{"0":{"start":{"line":3,"column":42},"end":{"line":19,"column":1}},"1":{"start":{"line":4,"column":4},"end":{"line":16,"column":null}},"2":{"start":{"line":5,"column":8},"end":{"line":5,"column":null}},"3":{"start":{"line":6,"column":13},"end":{"line":16,"column":null}},"4":{"start":{"line":7,"column":8},"end":{"line":7,"column":null}},"5":{"start":{"line":8,"column":13},"end":{"line":16,"column":null}},"6":{"start":{"line":9,"column":8},"end":{"line":11,"column":null}},"7":{"start":{"line":12,"column":13},"end":{"line":16,"column":null}},"8":{"start":{"line":13,"column":8},"end":{"line":15,"column":null}},"9":{"start":{"line":17,"column":4},"end":{"line":17,"column":null}},"10":{"start":{"line":18,"column":4},"end":{"line":18,"column":null}},"11":{"start":{"line":21,"column":0},"end":{"line":21,"column":28}}},"fnMap":{"0":{"name":"(anonymous_0)","decl":{"start":{"line":3,"column":42},"end":{"line":3,"column":43}},"loc":{"start":{"line":3,"column":77},"end":{"line":19,"column":1}}}},"branchMap":{"0":{"loc":{"start":{"line":4,"column":4},"end":{"line":16,"column":null}},"type":"if","locations":[{"start":{"line":4,"column":4},"end":{"line":16,"column":null}},{"start":{"line":6,"column":13},"end":{"line":16,"column":null}}]},"1":{"loc":{"start":{"line":4,"column":8},"end":{"line":4,"column":63}},"type":"binary-expr","locations":[{"start":{"line":4,"column":8},"end":{"line":4,"column":34}},{"start":{"line":4,"column":38},"end":{"line":4,"column":63}}]},"2":{"loc":{"start":{"line":6,"column":13},"end":{"line":16,"column":null}},"type":"if","locations":[{"start":{"line":6,"column":13},"end":{"line":16,"column":null}},{"start":{"line":8,"column":13},"end":{"line":16,"column":null}}]},"3":{"loc":{"start":{"line":8,"column":13},"end":{"line":16,"column":null}},"type":"if","locations":[{"start":{"line":8,"column":13},"end":{"line":16,"column":null}},{"start":{"line":12,"column":13},"end":{"line":16,"column":null}}]},"4":{"loc":{"start":{"line":12,"column":13},"end":{"line":16,"column":null}},"type":"if","locations":[{"start":{"line":12,"column":13},"end":{"line":16,"column":null}}]}},"s":{"0":1,"1":0,"2":0,"3":0,"4":0,"5":0,"6":0,"7":0,"8":0,"9":0,"10":0,"11":1},"f":{"0":0},"b":{"0":[0,0],"1":[0,0],"2":[0,0],"3":[0,0],"4":[0]}}
,"C:\\Users\\quang\\gitRepos_main\\e-commerce-ts\\api\\src\\middlewares\\logger.ts": {"path":"C:\\Users\\quang\\gitRepos_main\\e-commerce-ts\\api\\src\\middlewares\\logger.ts","statementMap":{"0":{"start":{"line":3,"column":22},"end":{"line":10,"column":1}},"1":{"start":{"line":4,"column":4},"end":{"line":4,"column":38}},"2":{"start":{"line":5,"column":4},"end":{"line":5,"column":33}},"3":{"start":{"line":6,"column":4},"end":{"line":6,"column":34}},"4":{"start":{"line":7,"column":4},"end":{"line":7,"column":37}},"5":{"start":{"line":8,"column":4},"end":{"line":8,"column":null}},"6":{"start":{"line":9,"column":4},"end":{"line":9,"column":11}},"7":{"start":{"line":12,"column":0},"end":{"line":12,"column":29}}},"fnMap":{"0":{"name":"(anonymous_0)","decl":{"start":{"line":3,"column":22},"end":{"line":3,"column":23}},"loc":{"start":{"line":3,"column":73},"end":{"line":10,"column":1}}}},"branchMap":{},"s":{"0":1,"1":1,"2":1,"3":1,"4":1,"5":1,"6":1,"7":1},"f":{"0":1},"b":{}}
,"C:\\Users\\quang\\gitRepos_main\\e-commerce-ts\\api\\src\\middlewares\\unknownEndpoints.ts": {"path":"C:\\Users\\quang\\gitRepos_main\\e-commerce-ts\\api\\src\\middlewares\\unknownEndpoints.ts","statementMap":{"0":{"start":{"line":3,"column":23},"end":{"line":5,"column":1}},"1":{"start":{"line":4,"column":4},"end":{"line":4,"column":null}},"2":{"start":{"line":7,"column":0},"end":{"line":7,"column":30}}},"fnMap":{"0":{"name":"(anonymous_0)","decl":{"start":{"line":3,"column":23},"end":{"line":3,"column":24}},"loc":{"start":{"line":3,"column":55},"end":{"line":5,"column":1}}}},"branchMap":{},"s":{"0":1,"1":0,"2":1},"f":{"0":0},"b":{}}
,"C:\\Users\\quang\\gitRepos_main\\e-commerce-ts\\api\\src\\models\\Cart.ts": {"path":"C:\\Users\\quang\\gitRepos_main\\e-commerce-ts\\api\\src\\models\\Cart.ts","statementMap":{"0":{"start":{"line":1,"column":0},"end":{"line":1,"column":48}},"1":{"start":{"line":10,"column":19},"end":{"line":26,"column":2}},"2":{"start":{"line":28,"column":0},"end":{"line":28,"column":55}}},"fnMap":{},"branchMap":{},"s":{"0":1,"1":1,"2":1},"f":{},"b":{}}
,"C:\\Users\\quang\\gitRepos_main\\e-commerce-ts\\api\\src\\models\\Order.ts": {"path":"C:\\Users\\quang\\gitRepos_main\\e-commerce-ts\\api\\src\\models\\Order.ts","statementMap":{"0":{"start":{"line":1,"column":0},"end":{"line":1,"column":50}},"1":{"start":{"line":16,"column":20},"end":{"line":44,"column":21}},"2":{"start":{"line":46,"column":0},"end":{"line":46,"column":58}}},"fnMap":{},"branchMap":{},"s":{"0":1,"1":1,"2":1},"f":{},"b":{}}
,"C:\\Users\\quang\\gitRepos_main\\e-commerce-ts\\api\\src\\models\\Product.ts": {"path":"C:\\Users\\quang\\gitRepos_main\\e-commerce-ts\\api\\src\\models\\Product.ts","statementMap":{"0":{"start":{"line":1,"column":0},"end":{"line":1,"column":50}},"1":{"start":{"line":14,"column":22},"end":{"line":47,"column":21}},"2":{"start":{"line":49,"column":0},"end":{"line":49,"column":64}}},"fnMap":{},"branchMap":{},"s":{"0":1,"1":1,"2":1},"f":{},"b":{}}
,"C:\\Users\\quang\\gitRepos_main\\e-commerce-ts\\api\\src\\models\\User.ts": {"path":"C:\\Users\\quang\\gitRepos_main\\e-commerce-ts\\api\\src\\models\\User.ts","statementMap":{"0":{"start":{"line":1,"column":0},"end":{"line":1,"column":50}},"1":{"start":{"line":18,"column":19},"end":{"line":52,"column":21}},"2":{"start":{"line":54,"column":0},"end":{"line":54,"column":55}}},"fnMap":{},"branchMap":{},"s":{"0":1,"1":1,"2":1},"f":{},"b":{}}
,"C:\\Users\\quang\\gitRepos_main\\e-commerce-ts\\api\\src\\routers\\auth.ts": {"path":"C:\\Users\\quang\\gitRepos_main\\e-commerce-ts\\api\\src\\routers\\auth.ts","statementMap":{"0":{"start":{"line":1,"column":0},"end":{"line":1,"column":29}},"1":{"start":{"line":3,"column":0},"end":{"line":3,"column":null}},"2":{"start":{"line":8,"column":15},"end":{"line":8,"column":31}},"3":{"start":{"line":11,"column":0},"end":{"line":11,"column":null}},"4":{"start":{"line":12,"column":0},"end":{"line":12,"column":null}},"5":{"start":{"line":14,"column":0},"end":{"line":14,"column":22}}},"fnMap":{},"branchMap":{},"s":{"0":1,"1":1,"2":1,"3":1,"4":1,"5":1},"f":{},"b":{}}
,"C:\\Users\\quang\\gitRepos_main\\e-commerce-ts\\api\\src\\routers\\cart.ts": {"path":"C:\\Users\\quang\\gitRepos_main\\e-commerce-ts\\api\\src\\routers\\cart.ts","statementMap":{"0":{"start":{"line":1,"column":0},"end":{"line":1,"column":29}},"1":{"start":{"line":2,"column":0},"end":{"line":2,"column":51}},"2":{"start":{"line":3,"column":0},"end":{"line":3,"column":87}},"3":{"start":{"line":5,"column":15},"end":{"line":5,"column":31}},"4":{"start":{"line":7,"column":0},"end":{"line":7,"column":56}},"5":{"start":{"line":8,"column":0},"end":{"line":8,"column":69}},"6":{"start":{"line":9,"column":0},"end":{"line":9,"column":50}},"7":{"start":{"line":10,"column":0},"end":{"line":10,"column":71}},"8":{"start":{"line":11,"column":0},"end":{"line":11,"column":74}},"9":{"start":{"line":13,"column":0},"end":{"line":13,"column":22}}},"fnMap":{},"branchMap":{},"s":{"0":1,"1":1,"2":1,"3":1,"4":1,"5":1,"6":1,"7":1,"8":1,"9":1},"f":{},"b":{}}
,"C:\\Users\\quang\\gitRepos_main\\e-commerce-ts\\api\\src\\routers\\order.ts": {"path":"C:\\Users\\quang\\gitRepos_main\\e-commerce-ts\\api\\src\\routers\\order.ts","statementMap":{"0":{"start":{"line":1,"column":0},"end":{"line":1,"column":29}},"1":{"start":{"line":2,"column":0},"end":{"line":2,"column":51}},"2":{"start":{"line":3,"column":0},"end":{"line":3,"column":109}},"3":{"start":{"line":5,"column":15},"end":{"line":5,"column":31}},"4":{"start":{"line":7,"column":0},"end":{"line":7,"column":51}},"5":{"start":{"line":8,"column":0},"end":{"line":8,"column":56}},"6":{"start":{"line":9,"column":0},"end":{"line":9,"column":69}},"7":{"start":{"line":10,"column":0},"end":{"line":10,"column":72}},"8":{"start":{"line":11,"column":0},"end":{"line":11,"column":75}},"9":{"start":{"line":12,"column":0},"end":{"line":12,"column":71}},"10":{"start":{"line":14,"column":0},"end":{"line":14,"column":22}}},"fnMap":{},"branchMap":{},"s":{"0":1,"1":1,"2":1,"3":1,"4":1,"5":1,"6":1,"7":1,"8":1,"9":1,"10":1},"f":{},"b":{}}
,"C:\\Users\\quang\\gitRepos_main\\e-commerce-ts\\api\\src\\routers\\product.ts": {"path":"C:\\Users\\quang\\gitRepos_main\\e-commerce-ts\\api\\src\\routers\\product.ts","statementMap":{"0":{"start":{"line":1,"column":0},"end":{"line":1,"column":29}},"1":{"start":{"line":2,"column":0},"end":{"line":2,"column":51}},"2":{"start":{"line":3,"column":0},"end":{"line":3,"column":99}},"3":{"start":{"line":5,"column":15},"end":{"line":5,"column":31}},"4":{"start":{"line":7,"column":0},"end":{"line":7,"column":25}},"5":{"start":{"line":8,"column":0},"end":{"line":8,"column":29}},"6":{"start":{"line":9,"column":0},"end":{"line":9,"column":61}},"7":{"start":{"line":10,"column":0},"end":{"line":10,"column":66}},"8":{"start":{"line":11,"column":0},"end":{"line":11,"column":69}},"9":{"start":{"line":13,"column":0},"end":{"line":13,"column":22}}},"fnMap":{},"branchMap":{},"s":{"0":1,"1":1,"2":1,"3":1,"4":1,"5":1,"6":1,"7":1,"8":1,"9":1},"f":{},"b":{}}
,"C:\\Users\\quang\\gitRepos_main\\e-commerce-ts\\api\\src\\routers\\stripe.ts": {"path":"C:\\Users\\quang\\gitRepos_main\\e-commerce-ts\\api\\src\\routers\\stripe.ts","statementMap":{"0":{"start":{"line":1,"column":0},"end":{"line":1,"column":30}},"1":{"start":{"line":2,"column":0},"end":{"line":2,"column":51}},"2":{"start":{"line":4,"column":15},"end":{"line":4,"column":31}},"3":{"start":{"line":6,"column":0},"end":{"line":6,"column":38}},"4":{"start":{"line":8,"column":0},"end":{"line":8,"column":22}}},"fnMap":{},"branchMap":{},"s":{"0":1,"1":1,"2":1,"3":1,"4":1},"f":{},"b":{}}
,"C:\\Users\\quang\\gitRepos_main\\e-commerce-ts\\api\\src\\routers\\user.ts": {"path":"C:\\Users\\quang\\gitRepos_main\\e-commerce-ts\\api\\src\\routers\\user.ts","statementMap":{"0":{"start":{"line":1,"column":0},"end":{"line":1,"column":29}},"1":{"start":{"line":2,"column":0},"end":{"line":2,"column":51}},"2":{"start":{"line":3,"column":0},"end":{"line":3,"column":79}},"3":{"start":{"line":5,"column":15},"end":{"line":5,"column":31}},"4":{"start":{"line":7,"column":0},"end":{"line":7,"column":57}},"5":{"start":{"line":8,"column":0},"end":{"line":8,"column":69}},"6":{"start":{"line":9,"column":0},"end":{"line":9,"column":71}},"7":{"start":{"line":10,"column":0},"end":{"line":10,"column":74}},"8":{"start":{"line":12,"column":0},"end":{"line":12,"column":null}}},"fnMap":{},"branchMap":{},"s":{"0":1,"1":1,"2":1,"3":1,"4":1,"5":1,"6":1,"7":1,"8":1},"f":{},"b":{}}
,"C:\\Users\\quang\\gitRepos_main\\e-commerce-ts\\api\\src\\services\\carts.ts": {"path":"C:\\Users\\quang\\gitRepos_main\\e-commerce-ts\\api\\src\\services\\carts.ts","statementMap":{"0":{"start":{"line":1,"column":0},"end":{"line":1,"column":49}},"1":{"start":{"line":4,"column":15},"end":{"line":6,"column":null}},"2":{"start":{"line":4,"column":67},"end":{"line":6,"column":null}},"3":{"start":{"line":5,"column":4},"end":{"line":5,"column":23}},"4":{"start":{"line":10,"column":15},"end":{"line":16,"column":null}},"5":{"start":{"line":10,"column":104},"end":{"line":16,"column":null}},"6":{"start":{"line":11,"column":22},"end":{"line":11,"column":84}},"7":{"start":{"line":12,"column":4},"end":{"line":14,"column":null}},"8":{"start":{"line":13,"column":8},"end":{"line":13,"column":55}},"9":{"start":{"line":15,"column":4},"end":{"line":15,"column":null}},"10":{"start":{"line":18,"column":17},"end":{"line":24,"column":null}},"11":{"start":{"line":18,"column":65},"end":{"line":24,"column":null}},"12":{"start":{"line":19,"column":22},"end":{"line":19,"column":49}},"13":{"start":{"line":20,"column":4},"end":{"line":22,"column":null}},"14":{"start":{"line":21,"column":8},"end":{"line":21,"column":55}},"15":{"start":{"line":23,"column":4},"end":{"line":23,"column":21}},"16":{"start":{"line":26,"column":19},"end":{"line":32,"column":null}},"17":{"start":{"line":26,"column":74},"end":{"line":32,"column":null}},"18":{"start":{"line":27,"column":22},"end":{"line":27,"column":58}},"19":{"start":{"line":28,"column":4},"end":{"line":30,"column":null}},"20":{"start":{"line":29,"column":8},"end":{"line":29,"column":55}},"21":{"start":{"line":31,"column":4},"end":{"line":31,"column":21}},"22":{"start":{"line":34,"column":16},"end":{"line":36,"column":null}},"23":{"start":{"line":34,"column":52},"end":{"line":36,"column":null}},"24":{"start":{"line":35,"column":4},"end":{"line":35,"column":null}},"25":{"start":{"line":38,"column":0},"end":{"line":44,"column":null}}},"fnMap":{"0":{"name":"(anonymous_8)","decl":{"start":{"line":4,"column":15},"end":{"line":4,"column":22}},"loc":{"start":{"line":4,"column":67},"end":{"line":6,"column":null}}},"1":{"name":"(anonymous_9)","decl":{"start":{"line":4,"column":67},"end":{"line":4,"column":null}},"loc":{"start":{"line":4,"column":67},"end":{"line":6,"column":1}}},"2":{"name":"(anonymous_10)","decl":{"start":{"line":10,"column":15},"end":{"line":10,"column":21}},"loc":{"start":{"line":10,"column":104},"end":{"line":16,"column":null}}},"3":{"name":"(anonymous_11)","decl":{"start":{"line":10,"column":104},"end":{"line":10,"column":null}},"loc":{"start":{"line":10,"column":104},"end":{"line":16,"column":1}}},"4":{"name":"(anonymous_12)","decl":{"start":{"line":18,"column":17},"end":{"line":18,"column":24}},"loc":{"start":{"line":18,"column":65},"end":{"line":24,"column":null}}},"5":{"name":"(anonymous_13)","decl":{"start":{"line":18,"column":65},"end":{"line":18,"column":null}},"loc":{"start":{"line":18,"column":65},"end":{"line":24,"column":1}}},"6":{"name":"(anonymous_14)","decl":{"start":{"line":26,"column":19},"end":{"line":26,"column":26}},"loc":{"start":{"line":26,"column":74},"end":{"line":32,"column":null}}},"7":{"name":"(anonymous_15)","decl":{"start":{"line":26,"column":74},"end":{"line":26,"column":null}},"loc":{"start":{"line":26,"column":74},"end":{"line":32,"column":1}}},"8":{"name":"(anonymous_16)","decl":{"start":{"line":34,"column":16},"end":{"line":34,"column":50}},"loc":{"start":{"line":34,"column":52},"end":{"line":36,"column":null}}},"9":{"name":"(anonymous_17)","decl":{"start":{"line":34,"column":52},"end":{"line":34,"column":null}},"loc":{"start":{"line":34,"column":52},"end":{"line":36,"column":1}}}},"branchMap":{"0":{"loc":{"start":{"line":12,"column":4},"end":{"line":14,"column":null}},"type":"if","locations":[{"start":{"line":12,"column":4},"end":{"line":14,"column":null}}]},"1":{"loc":{"start":{"line":20,"column":4},"end":{"line":22,"column":null}},"type":"if","locations":[{"start":{"line":20,"column":4},"end":{"line":22,"column":null}}]},"2":{"loc":{"start":{"line":28,"column":4},"end":{"line":30,"column":null}},"type":"if","locations":[{"start":{"line":28,"column":4},"end":{"line":30,"column":null}}]}},"s":{"0":1,"1":1,"2":0,"3":0,"4":1,"5":0,"6":0,"7":0,"8":0,"9":0,"10":1,"11":0,"12":0,"13":0,"14":0,"15":0,"16":1,"17":0,"18":0,"19":0,"20":0,"21":0,"22":1,"23":0,"24":0,"25":1},"f":{"0":0,"1":0,"2":0,"3":0,"4":0,"5":0,"6":0,"7":0,"8":0,"9":0},"b":{"0":[0],"1":[0],"2":[0]}}
,"C:\\Users\\quang\\gitRepos_main\\e-commerce-ts\\api\\src\\services\\orders.ts": {"path":"C:\\Users\\quang\\gitRepos_main\\e-commerce-ts\\api\\src\\services\\orders.ts","statementMap":{"0":{"start":{"line":1,"column":0},"end":{"line":1,"column":52}},"1":{"start":{"line":4,"column":15},"end":{"line":6,"column":null}},"2":{"start":{"line":4,"column":70},"end":{"line":6,"column":null}},"3":{"start":{"line":5,"column":4},"end":{"line":5,"column":24}},"4":{"start":{"line":9,"column":15},"end":{"line":15,"column":null}},"5":{"start":{"line":9,"column":108},"end":{"line":15,"column":null}},"6":{"start":{"line":10,"column":23},"end":{"line":10,"column":88}},"7":{"start":{"line":11,"column":4},"end":{"line":13,"column":null}},"8":{"start":{"line":12,"column":8},"end":{"line":12,"column":56}},"9":{"start":{"line":14,"column":4},"end":{"line":14,"column":null}},"10":{"start":{"line":17,"column":17},"end":{"line":23,"column":null}},"11":{"start":{"line":17,"column":67},"end":{"line":23,"column":null}},"12":{"start":{"line":18,"column":23},"end":{"line":18,"column":52}},"13":{"start":{"line":19,"column":4},"end":{"line":21,"column":null}},"14":{"start":{"line":20,"column":8},"end":{"line":20,"column":56}},"15":{"start":{"line":22,"column":4},"end":{"line":22,"column":22}},"16":{"start":{"line":25,"column":20},"end":{"line":31,"column":null}},"17":{"start":{"line":25,"column":77},"end":{"line":31,"column":null}},"18":{"start":{"line":26,"column":23},"end":{"line":26,"column":61}},"19":{"start":{"line":27,"column":4},"end":{"line":29,"column":null}},"20":{"start":{"line":28,"column":8},"end":{"line":28,"column":56}},"21":{"start":{"line":30,"column":4},"end":{"line":30,"column":22}},"22":{"start":{"line":33,"column":16},"end":{"line":35,"column":null}},"23":{"start":{"line":33,"column":53},"end":{"line":35,"column":null}},"24":{"start":{"line":34,"column":4},"end":{"line":34,"column":null}},"25":{"start":{"line":38,"column":25},"end":{"line":55,"column":null}},"26":{"start":{"line":38,"column":36},"end":{"line":55,"column":null}},"27":{"start":{"line":39,"column":17},"end":{"line":39,"column":27}},"28":{"start":{"line":40,"column":22},"end":{"line":40,"column":64}},"29":{"start":{"line":41,"column":21},"end":{"line":41,"column":74}},"30":{"start":{"line":42,"column":4},"end":{"line":54,"column":null}},"31":{"start":{"line":57,"column":0},"end":{"line":64,"column":null}}},"fnMap":{"0":{"name":"(anonymous_8)","decl":{"start":{"line":4,"column":15},"end":{"line":4,"column":22}},"loc":{"start":{"line":4,"column":70},"end":{"line":6,"column":null}}},"1":{"name":"(anonymous_9)","decl":{"start":{"line":4,"column":70},"end":{"line":4,"column":null}},"loc":{"start":{"line":4,"column":70},"end":{"line":6,"column":1}}},"2":{"name":"(anonymous_10)","decl":{"start":{"line":9,"column":15},"end":{"line":9,"column":21}},"loc":{"start":{"line":9,"column":108},"end":{"line":15,"column":null}}},"3":{"name":"(anonymous_11)","decl":{"start":{"line":9,"column":108},"end":{"line":9,"column":null}},"loc":{"start":{"line":9,"column":108},"end":{"line":15,"column":1}}},"4":{"name":"(anonymous_12)","decl":{"start":{"line":17,"column":17},"end":{"line":17,"column":24}},"loc":{"start":{"line":17,"column":67},"end":{"line":23,"column":null}}},"5":{"name":"(anonymous_13)","decl":{"start":{"line":17,"column":67},"end":{"line":17,"column":null}},"loc":{"start":{"line":17,"column":67},"end":{"line":23,"column":1}}},"6":{"name":"(anonymous_14)","decl":{"start":{"line":25,"column":20},"end":{"line":25,"column":27}},"loc":{"start":{"line":25,"column":77},"end":{"line":31,"column":null}}},"7":{"name":"(anonymous_15)","decl":{"start":{"line":25,"column":77},"end":{"line":25,"column":null}},"loc":{"start":{"line":25,"column":77},"end":{"line":31,"column":1}}},"8":{"name":"(anonymous_16)","decl":{"start":{"line":33,"column":16},"end":{"line":33,"column":51}},"loc":{"start":{"line":33,"column":53},"end":{"line":35,"column":null}}},"9":{"name":"(anonymous_17)","decl":{"start":{"line":33,"column":53},"end":{"line":33,"column":null}},"loc":{"start":{"line":33,"column":53},"end":{"line":35,"column":1}}},"10":{"name":"(anonymous_18)","decl":{"start":{"line":38,"column":25},"end":{"line":38,"column":34}},"loc":{"start":{"line":38,"column":36},"end":{"line":55,"column":null}}},"11":{"name":"(anonymous_19)","decl":{"start":{"line":38,"column":36},"end":{"line":38,"column":null}},"loc":{"start":{"line":38,"column":36},"end":{"line":55,"column":1}}}},"branchMap":{"0":{"loc":{"start":{"line":11,"column":4},"end":{"line":13,"column":null}},"type":"if","locations":[{"start":{"line":11,"column":4},"end":{"line":13,"column":null}}]},"1":{"loc":{"start":{"line":19,"column":4},"end":{"line":21,"column":null}},"type":"if","locations":[{"start":{"line":19,"column":4},"end":{"line":21,"column":null}}]},"2":{"loc":{"start":{"line":27,"column":4},"end":{"line":29,"column":null}},"type":"if","locations":[{"start":{"line":27,"column":4},"end":{"line":29,"column":null}}]}},"s":{"0":1,"1":1,"2":0,"3":0,"4":1,"5":0,"6":0,"7":0,"8":0,"9":0,"10":1,"11":0,"12":0,"13":0,"14":0,"15":0,"16":1,"17":0,"18":0,"19":0,"20":0,"21":0,"22":1,"23":0,"24":0,"25":1,"26":0,"27":0,"28":0,"29":0,"30":0,"31":1},"f":{"0":0,"1":0,"2":0,"3":0,"4":0,"5":0,"6":0,"7":0,"8":0,"9":0,"10":0,"11":0},"b":{"0":[0],"1":[0],"2":[0]}}
,"C:\\Users\\quang\\gitRepos_main\\e-commerce-ts\\api\\src\\services\\products.ts": {"path":"C:\\Users\\quang\\gitRepos_main\\e-commerce-ts\\api\\src\\services\\products.ts","statementMap":{"0":{"start":{"line":1,"column":0},"end":{"line":1,"column":58}},"1":{"start":{"line":3,"column":15},"end":{"line":5,"column":null}},"2":{"start":{"line":3,"column":76},"end":{"line":5,"column":null}},"3":{"start":{"line":4,"column":4},"end":{"line":4,"column":null}},"4":{"start":{"line":7,"column":17},"end":{"line":13,"column":null}},"5":{"start":{"line":7,"column":71},"end":{"line":13,"column":null}},"6":{"start":{"line":8,"column":25},"end":{"line":8,"column":58}},"7":{"start":{"line":9,"column":4},"end":{"line":11,"column":null}},"8":{"start":{"line":10,"column":8},"end":{"line":10,"column":58}},"9":{"start":{"line":12,"column":4},"end":{"line":12,"column":24}},"10":{"start":{"line":15,"column":25},"end":{"line":21,"column":null}},"11":{"start":{"line":15,"column":73},"end":{"line":21,"column":null}},"12":{"start":{"line":16,"column":25},"end":{"line":16,"column":56}},"13":{"start":{"line":17,"column":4},"end":{"line":19,"column":null}},"14":{"start":{"line":18,"column":8},"end":{"line":18,"column":45}},"15":{"start":{"line":20,"column":4},"end":{"line":20,"column":24}},"16":{"start":{"line":23,"column":16},"end":{"line":25,"column":null}},"17":{"start":{"line":23,"column":55},"end":{"line":25,"column":null}},"18":{"start":{"line":24,"column":4},"end":{"line":24,"column":null}},"19":{"start":{"line":27,"column":21},"end":{"line":29,"column":null}},"20":{"start":{"line":27,"column":60},"end":{"line":29,"column":null}},"21":{"start":{"line":28,"column":4},"end":{"line":28,"column":null}},"22":{"start":{"line":31,"column":26},"end":{"line":37,"column":null}},"23":{"start":{"line":31,"column":81},"end":{"line":37,"column":null}},"24":{"start":{"line":32,"column":4},"end":{"line":36,"column":null}},"25":{"start":{"line":39,"column":15},"end":{"line":45,"column":null}},"26":{"start":{"line":39,"column":116},"end":{"line":45,"column":null}},"27":{"start":{"line":40,"column":25},"end":{"line":40,"column":96}},"28":{"start":{"line":41,"column":4},"end":{"line":43,"column":null}},"29":{"start":{"line":42,"column":8},"end":{"line":42,"column":58}},"30":{"start":{"line":44,"column":4},"end":{"line":44,"column":null}},"31":{"start":{"line":47,"column":22},"end":{"line":53,"column":null}},"32":{"start":{"line":47,"column":83},"end":{"line":53,"column":null}},"33":{"start":{"line":48,"column":25},"end":{"line":48,"column":67}},"34":{"start":{"line":49,"column":4},"end":{"line":51,"column":null}},"35":{"start":{"line":50,"column":8},"end":{"line":50,"column":58}},"36":{"start":{"line":52,"column":4},"end":{"line":52,"column":null}},"37":{"start":{"line":57,"column":0},"end":{"line":66,"column":null}}},"fnMap":{"0":{"name":"(anonymous_8)","decl":{"start":{"line":3,"column":15},"end":{"line":3,"column":22}},"loc":{"start":{"line":3,"column":76},"end":{"line":5,"column":null}}},"1":{"name":"(anonymous_9)","decl":{"start":{"line":3,"column":76},"end":{"line":3,"column":null}},"loc":{"start":{"line":3,"column":76},"end":{"line":5,"column":1}}},"2":{"name":"(anonymous_10)","decl":{"start":{"line":7,"column":17},"end":{"line":7,"column":24}},"loc":{"start":{"line":7,"column":71},"end":{"line":13,"column":null}}},"3":{"name":"(anonymous_11)","decl":{"start":{"line":7,"column":71},"end":{"line":7,"column":null}},"loc":{"start":{"line":7,"column":71},"end":{"line":13,"column":1}}},"4":{"name":"(anonymous_12)","decl":{"start":{"line":15,"column":25},"end":{"line":15,"column":32}},"loc":{"start":{"line":15,"column":73},"end":{"line":21,"column":null}}},"5":{"name":"(anonymous_13)","decl":{"start":{"line":15,"column":73},"end":{"line":15,"column":null}},"loc":{"start":{"line":15,"column":73},"end":{"line":21,"column":1}}},"6":{"name":"(anonymous_14)","decl":{"start":{"line":23,"column":16},"end":{"line":23,"column":53}},"loc":{"start":{"line":23,"column":55},"end":{"line":25,"column":null}}},"7":{"name":"(anonymous_15)","decl":{"start":{"line":23,"column":55},"end":{"line":23,"column":null}},"loc":{"start":{"line":23,"column":55},"end":{"line":25,"column":1}}},"8":{"name":"(anonymous_16)","decl":{"start":{"line":27,"column":21},"end":{"line":27,"column":58}},"loc":{"start":{"line":27,"column":60},"end":{"line":29,"column":null}}},"9":{"name":"(anonymous_17)","decl":{"start":{"line":27,"column":60},"end":{"line":27,"column":null}},"loc":{"start":{"line":27,"column":60},"end":{"line":29,"column":1}}},"10":{"name":"(anonymous_18)","decl":{"start":{"line":31,"column":26},"end":{"line":31,"column":33}},"loc":{"start":{"line":31,"column":81},"end":{"line":37,"column":null}}},"11":{"name":"(anonymous_19)","decl":{"start":{"line":31,"column":81},"end":{"line":31,"column":null}},"loc":{"start":{"line":31,"column":81},"end":{"line":37,"column":1}}},"12":{"name":"(anonymous_20)","decl":{"start":{"line":39,"column":15},"end":{"line":39,"column":21}},"loc":{"start":{"line":39,"column":116},"end":{"line":45,"column":null}}},"13":{"name":"(anonymous_21)","decl":{"start":{"line":39,"column":116},"end":{"line":39,"column":null}},"loc":{"start":{"line":39,"column":116},"end":{"line":45,"column":1}}},"14":{"name":"(anonymous_22)","decl":{"start":{"line":47,"column":22},"end":{"line":47,"column":29}},"loc":{"start":{"line":47,"column":83},"end":{"line":53,"column":null}}},"15":{"name":"(anonymous_23)","decl":{"start":{"line":47,"column":83},"end":{"line":47,"column":null}},"loc":{"start":{"line":47,"column":83},"end":{"line":53,"column":1}}}},"branchMap":{"0":{"loc":{"start":{"line":9,"column":4},"end":{"line":11,"column":null}},"type":"if","locations":[{"start":{"line":9,"column":4},"end":{"line":11,"column":null}}]},"1":{"loc":{"start":{"line":17,"column":4},"end":{"line":19,"column":null}},"type":"if","locations":[{"start":{"line":17,"column":4},"end":{"line":19,"column":null}}]},"2":{"loc":{"start":{"line":41,"column":4},"end":{"line":43,"column":null}},"type":"if","locations":[{"start":{"line":41,"column":4},"end":{"line":43,"column":null}}]},"3":{"loc":{"start":{"line":49,"column":4},"end":{"line":51,"column":null}},"type":"if","locations":[{"start":{"line":49,"column":4},"end":{"line":51,"column":null}}]}},"s":{"0":1,"1":1,"2":0,"3":0,"4":1,"5":0,"6":0,"7":0,"8":0,"9":0,"10":1,"11":0,"12":0,"13":0,"14":0,"15":0,"16":1,"17":0,"18":0,"19":1,"20":0,"21":0,"22":1,"23":0,"24":0,"25":1,"26":0,"27":0,"28":0,"29":0,"30":0,"31":1,"32":0,"33":0,"34":0,"35":0,"36":0,"37":1},"f":{"0":0,"1":0,"2":0,"3":0,"4":0,"5":0,"6":0,"7":0,"8":0,"9":0,"10":0,"11":0,"12":0,"13":0,"14":0,"15":0},"b":{"0":[0],"1":[0],"2":[0],"3":[0]}}
,"C:\\Users\\quang\\gitRepos_main\\e-commerce-ts\\api\\src\\services\\users.ts": {"path":"C:\\Users\\quang\\gitRepos_main\\e-commerce-ts\\api\\src\\services\\users.ts","statementMap":{"0":{"start":{"line":1,"column":0},"end":{"line":1,"column":49}},"1":{"start":{"line":3,"column":15},"end":{"line":5,"column":null}},"2":{"start":{"line":3,"column":67},"end":{"line":5,"column":null}},"3":{"start":{"line":4,"column":4},"end":{"line":4,"column":23}},"4":{"start":{"line":7,"column":17},"end":{"line":14,"column":null}},"5":{"start":{"line":7,"column":65},"end":{"line":14,"column":null}},"6":{"start":{"line":8,"column":22},"end":{"line":8,"column":49}},"7":{"start":{"line":10,"column":4},"end":{"line":12,"column":null}},"8":{"start":{"line":11,"column":8},"end":{"line":11,"column":52}},"9":{"start":{"line":13,"column":4},"end":{"line":13,"column":21}},"10":{"start":{"line":16,"column":25},"end":{"line":22,"column":null}},"11":{"start":{"line":16,"column":70},"end":{"line":22,"column":null}},"12":{"start":{"line":17,"column":22},"end":{"line":17,"column":50}},"13":{"start":{"line":18,"column":4},"end":{"line":20,"column":null}},"14":{"start":{"line":19,"column":8},"end":{"line":19,"column":42}},"15":{"start":{"line":21,"column":4},"end":{"line":21,"column":21}},"16":{"start":{"line":24,"column":16},"end":{"line":26,"column":null}},"17":{"start":{"line":24,"column":52},"end":{"line":26,"column":null}},"18":{"start":{"line":25,"column":4},"end":{"line":25,"column":null}},"19":{"start":{"line":28,"column":15},"end":{"line":34,"column":null}},"20":{"start":{"line":28,"column":104},"end":{"line":34,"column":null}},"21":{"start":{"line":29,"column":22},"end":{"line":29,"column":84}},"22":{"start":{"line":30,"column":4},"end":{"line":32,"column":null}},"23":{"start":{"line":31,"column":8},"end":{"line":31,"column":52}},"24":{"start":{"line":33,"column":4},"end":{"line":33,"column":null}},"25":{"start":{"line":36,"column":19},"end":{"line":42,"column":null}},"26":{"start":{"line":36,"column":74},"end":{"line":42,"column":null}},"27":{"start":{"line":37,"column":22},"end":{"line":37,"column":58}},"28":{"start":{"line":38,"column":4},"end":{"line":40,"column":null}},"29":{"start":{"line":39,"column":8},"end":{"line":39,"column":52}},"30":{"start":{"line":41,"column":4},"end":{"line":41,"column":null}},"31":{"start":{"line":44,"column":19},"end":{"line":51,"column":null}},"32":{"start":{"line":44,"column":75},"end":{"line":51,"column":null}},"33":{"start":{"line":45,"column":22},"end":{"line":45,"column":49}},"34":{"start":{"line":46,"column":4},"end":{"line":48,"column":null}},"35":{"start":{"line":47,"column":8},"end":{"line":47,"column":52}},"36":{"start":{"line":49,"column":4},"end":{"line":49,"column":null}},"37":{"start":{"line":50,"column":4},"end":{"line":50,"column":37}},"38":{"start":{"line":53,"column":0},"end":{"line":61,"column":null}}},"fnMap":{"0":{"name":"(anonymous_8)","decl":{"start":{"line":3,"column":15},"end":{"line":3,"column":22}},"loc":{"start":{"line":3,"column":67},"end":{"line":5,"column":null}}},"1":{"name":"(anonymous_9)","decl":{"start":{"line":3,"column":67},"end":{"line":3,"column":null}},"loc":{"start":{"line":3,"column":67},"end":{"line":5,"column":1}}},"2":{"name":"(anonymous_10)","decl":{"start":{"line":7,"column":17},"end":{"line":7,"column":24}},"loc":{"start":{"line":7,"column":65},"end":{"line":14,"column":null}}},"3":{"name":"(anonymous_11)","decl":{"start":{"line":7,"column":65},"end":{"line":7,"column":null}},"loc":{"start":{"line":7,"column":65},"end":{"line":14,"column":1}}},"4":{"name":"(anonymous_12)","decl":{"start":{"line":16,"column":25},"end":{"line":16,"column":32}},"loc":{"start":{"line":16,"column":70},"end":{"line":22,"column":null}}},"5":{"name":"(anonymous_13)","decl":{"start":{"line":16,"column":70},"end":{"line":16,"column":null}},"loc":{"start":{"line":16,"column":70},"end":{"line":22,"column":1}}},"6":{"name":"(anonymous_14)","decl":{"start":{"line":24,"column":16},"end":{"line":24,"column":50}},"loc":{"start":{"line":24,"column":52},"end":{"line":26,"column":null}}},"7":{"name":"(anonymous_15)","decl":{"start":{"line":24,"column":52},"end":{"line":24,"column":null}},"loc":{"start":{"line":24,"column":52},"end":{"line":26,"column":1}}},"8":{"name":"(anonymous_16)","decl":{"start":{"line":28,"column":15},"end":{"line":28,"column":21}},"loc":{"start":{"line":28,"column":104},"end":{"line":34,"column":null}}},"9":{"name":"(anonymous_17)","decl":{"start":{"line":28,"column":104},"end":{"line":28,"column":null}},"loc":{"start":{"line":28,"column":104},"end":{"line":34,"column":1}}},"10":{"name":"(anonymous_18)","decl":{"start":{"line":36,"column":19},"end":{"line":36,"column":26}},"loc":{"start":{"line":36,"column":74},"end":{"line":42,"column":null}}},"11":{"name":"(anonymous_19)","decl":{"start":{"line":36,"column":74},"end":{"line":36,"column":null}},"loc":{"start":{"line":36,"column":74},"end":{"line":42,"column":1}}},"12":{"name":"(anonymous_20)","decl":{"start":{"line":44,"column":19},"end":{"line":44,"column":26}},"loc":{"start":{"line":44,"column":75},"end":{"line":51,"column":null}}},"13":{"name":"(anonymous_21)","decl":{"start":{"line":44,"column":75},"end":{"line":44,"column":null}},"loc":{"start":{"line":44,"column":75},"end":{"line":51,"column":1}}}},"branchMap":{"0":{"loc":{"start":{"line":10,"column":4},"end":{"line":12,"column":null}},"type":"if","locations":[{"start":{"line":10,"column":4},"end":{"line":12,"column":null}}]},"1":{"loc":{"start":{"line":18,"column":4},"end":{"line":20,"column":null}},"type":"if","locations":[{"start":{"line":18,"column":4},"end":{"line":20,"column":null}}]},"2":{"loc":{"start":{"line":30,"column":4},"end":{"line":32,"column":null}},"type":"if","locations":[{"start":{"line":30,"column":4},"end":{"line":32,"column":null}}]},"3":{"loc":{"start":{"line":38,"column":4},"end":{"line":40,"column":null}},"type":"if","locations":[{"start":{"line":38,"column":4},"end":{"line":40,"column":null}}]},"4":{"loc":{"start":{"line":46,"column":4},"end":{"line":48,"column":null}},"type":"if","locations":[{"start":{"line":46,"column":4},"end":{"line":48,"column":null}}]}},"s":{"0":1,"1":1,"2":1,"3":1,"4":1,"5":0,"6":0,"7":0,"8":0,"9":0,"10":1,"11":0,"12":0,"13":0,"14":0,"15":0,"16":1,"17":0,"18":0,"19":1,"20":0,"21":0,"22":0,"23":0,"24":0,"25":1,"26":0,"27":0,"28":0,"29":0,"30":0,"31":1,"32":0,"33":0,"34":0,"35":0,"36":0,"37":0,"38":1},"f":{"0":1,"1":1,"2":0,"3":0,"4":0,"5":0,"6":0,"7":0,"8":0,"9":0,"10":0,"11":0,"12":0,"13":0},"b":{"0":[0],"1":[0],"2":[0],"3":[0],"4":[0]}}
,"C:\\Users\\quang\\gitRepos_main\\e-commerce-ts\\api\\src\\utils\\test_helper.ts": {"path":"C:\\Users\\quang\\gitRepos_main\\e-commerce-ts\\api\\src\\utils\\test_helper.ts","statementMap":{"0":{"start":{"line":1,"column":0},"end":{"line":1,"column":33}},"1":{"start":{"line":3,"column":21},"end":{"line":18,"column":null}},"2":{"start":{"line":20,"column":18},"end":{"line":23,"column":null}},"3":{"start":{"line":20,"column":29},"end":{"line":23,"column":null}},"4":{"start":{"line":21,"column":18},"end":{"line":21,"column":37}},"5":{"start":{"line":22,"column":4},"end":{"line":22,"column":null}},"6":{"start":{"line":22,"column":24},"end":{"line":22,"column":34}},"7":{"start":{"line":25,"column":0},"end":{"line":28,"column":null}}},"fnMap":{"0":{"name":"(anonymous_8)","decl":{"start":{"line":20,"column":18},"end":{"line":20,"column":27}},"loc":{"start":{"line":20,"column":29},"end":{"line":23,"column":null}}},"1":{"name":"(anonymous_9)","decl":{"start":{"line":20,"column":29},"end":{"line":20,"column":null}},"loc":{"start":{"line":20,"column":29},"end":{"line":23,"column":1}}},"2":{"name":"(anonymous_10)","decl":{"start":{"line":22,"column":21},"end":{"line":22,"column":22}},"loc":{"start":{"line":22,"column":24},"end":{"line":22,"column":34}}}},"branchMap":{},"s":{"0":1,"1":1,"2":1,"3":2,"4":2,"5":2,"6":3,"7":1},"f":{"0":2,"1":2,"2":3},"b":{}}
}
